INFO:root: Disabled debug serial port opening scope
INFO:root:/usr/local/bin/arduino-cli compile -b megaTinyCore:megaavr:atxy7:chip=1607,clock=5internal,bodvoltage=1v8,bodmode=disabled,eesave=enable,millis=enabled,resetpin=UPDI,startuptime=0,uartvoltage=skip /Users/saurabhdatta/PersonalProjects/clock/Arduino/clock_firmware_production -u -p /dev/tty.usbserial-A10KHTR4 -P serialupdi
INFO:root:/usr/local/bin/arduino-cli compile -b megaTinyCore:megaavr:atxy7:chip=1607,clock=5internal,bodvoltage=1v8,bodmode=disabled,eesave=enable,millis=enabled,resetpin=UPDI,startuptime=0,uartvoltage=skip /Users/saurabhdatta/PersonalProjects/clock/Arduino/clock_firmware_production/Tests/components_check -u -p /dev/tty.usbserial-A10KHTR4 -P serialupdi
INFO:root: Chosen Debug Serial port will be available for usage
INFO:root: Disabled debug serial port opening scope
INFO:root: Chosen Debug Serial port will be available for usage
INFO:root: Chosen Debug Serial port will be available for usage
INFO:root: Disabled debug serial port opening scope
INFO:root: Chosen Debug Serial port will be available for usage
INFO:root: Chosen Debug Serial port will be available for usage
INFO:root: Chosen Debug Serial port will be available for usage
INFO:root: Chosen Debug Serial port will be available for usage
INFO:root: Chosen Debug Serial port will be available for usage
INFO:root:
COMMAND: git up
INFO:root:Fetching origin
INFO:root:EXIT_CODE: 0
INFO:root:
COMMAND: /usr/local/bin/arduino-cli compile -b megaTinyCore:megaavr:atxy7:chip=1607,clock=5internal,bodvoltage=1v8,bodmode=disabled,eesave=enable,millis=enabled,resetpin=UPDI,startuptime=0,uartvoltage=skip /Users/saurabhdatta/PersonalProjects/clock/Arduino/clock_firmware_production/Tests/components_check -u -p /dev/tty.usbserial-A5XK3RJT -P serialupdi
INFO:root:Sketch uses 7239 bytes (44%) of program storage space. Maximum is 16384 bytes.
INFO:root:Global variables use 253 bytes (24%) of dynamic memory, leaving 771 bytes for local variables. Maximum is 1024 bytes.
INFO:root:SerialUPDI
INFO:root:UPDI programming for Arduino using a serial adapter
INFO:root:Based on pymcuprog, with significant modifications
INFO:root:By Quentin Bolsee and Spence Konde
INFO:root:Version 1.2.0 - June 2021
INFO:root:Using serial port /dev/tty.usbserial-A5XK3RJT at 230400 baud.
INFO:root:Target: attiny1607
INFO:root:Set fuses: ['2:0x02', '6:0x00', '8:0x00']
INFO:root:Action: write
INFO:root:File: /var/folders/yp/37w_03rx1qdbfsqckbyyk9t80000gn/T/arduino-sketch-5380282240B235EA65F31E83BC95B4D4/components_check.ino.hex
INFO:root:Pinging device...
INFO:root:Ping response: 1E9423
INFO:root:Setting fuse 0x2=0x2
INFO:root:Writing literal values...
INFO:root:Verifying literal values...
INFO:root:Action took 0.19s
INFO:root:Setting fuse 0x6=0x0
INFO:root:Writing literal values...
INFO:root:Verifying literal values...
INFO:root:Action took 0.19s
INFO:root:Setting fuse 0x8=0x0
INFO:root:Writing literal values...
INFO:root:Verifying literal values...
INFO:root:Action took 0.19s
INFO:root:Finished writing fuses.
INFO:root:Chip/Bulk erase,
INFO:root:Memory type eeprom is conditionally erased (depending upon EESAVE fuse setting)
INFO:root:Memory type flash is always erased
INFO:root:Memory type lockbits is always erased
INFO:root:...
INFO:root:Erased.
INFO:root:Action took 0.06s
INFO:root:Writing from hex file...
INFO:root:Writing flash...
INFO:root:[                                                  ]
INFO:root:[=                                                 ] 3/114
INFO:root:[==                                                ] 5/114
INFO:root:[===                                               ] 7/114
INFO:root:[====                                              ] 10/114
INFO:root:[=====                                             ] 12/114
INFO:root:[======                                            ] 14/114
INFO:root:[=======                                           ] 16/114
INFO:root:[========                                          ] 19/114
INFO:root:[=========                                         ] 21/114
INFO:root:[==========                                        ] 23/114
INFO:root:[===========                                       ] 26/114
INFO:root:[============                                      ] 28/114
INFO:root:[=============                                     ] 30/114
INFO:root:[==============                                    ] 32/114
INFO:root:[===============                                   ] 35/114
INFO:root:[================                                  ] 37/114
INFO:root:[=================                                 ] 39/114
INFO:root:[==================                                ] 42/114
INFO:root:[===================                               ] 44/114
INFO:root:[====================                              ] 46/114
INFO:root:[=====================                             ] 48/114
INFO:root:[======================                            ] 51/114
INFO:root:[=======================                           ] 53/114
INFO:root:[========================                          ] 55/114
INFO:root:[=========================                         ] 57/114
INFO:root:[==========================                        ] 60/114
INFO:root:[===========================                       ] 62/114
INFO:root:[============================                      ] 64/114
INFO:root:[=============================                     ] 67/114
INFO:root:[==============================                    ] 69/114
INFO:root:[===============================                   ] 71/114
INFO:root:[================================                  ] 73/114
INFO:root:[=================================                 ] 76/114
INFO:root:[==================================                ] 78/114
INFO:root:[===================================               ] 80/114
INFO:root:[====================================              ] 83/114
INFO:root:[=====================================             ] 85/114
INFO:root:[======================================            ] 87/114
INFO:root:[=======================================           ] 89/114
INFO:root:[========================================          ] 92/114
INFO:root:[=========================================         ] 94/114
INFO:root:[==========================================        ] 96/114
INFO:root:[===========================================       ] 99/114
INFO:root:[============================================      ] 101/114
INFO:root:[=============================================     ] 103/114
INFO:root:[==============================================    ] 105/114
INFO:root:[===============================================   ] 108/114
INFO:root:[================================================  ] 110/114
INFO:root:[================================================= ] 112/114
INFO:root:[==================================================] 114/114
INFO:root:Action took 7.72s
INFO:root:Verifying...
INFO:root:[                                                  ]
INFO:root:[===                                               ] 1/15
INFO:root:[======                                            ] 2/15
INFO:root:[==========                                        ] 3/15
INFO:root:[=============                                     ] 4/15
INFO:root:[================                                  ] 5/15
INFO:root:[====================                              ] 6/15
INFO:root:[=======================                           ] 7/15
INFO:root:[==========================                        ] 8/15
INFO:root:[==============================                    ] 9/15
INFO:root:[=================================                 ] 10/15
INFO:root:[====================================              ] 11/15
INFO:root:[========================================          ] 12/15
INFO:root:[===========================================       ] 13/15
INFO:root:[==============================================    ] 14/15
INFO:root:[==================================================] 15/15
INFO:root:Verify successful. Data in flash matches data in specified hex-file
INFO:root:Action took 0.85s
INFO:root:
INFO:root:EXIT_CODE: 0
INFO:root: Error Opening the Debug Serial Port!
INFO:root: Debug Serial Port could not be opened
INFO:root: So not starting Serial Read!
INFO:root: Serial Port Closed
INFO:root: Chosen Debug Serial port will be available for usage
INFO:root: Chosen Debug Serial port will be available for usage
INFO:root: Chosen Debug Serial port will be available for usage
INFO:root: Chosen Debug Serial port will be available for usage
INFO:root:
COMMAND: git up
INFO:root:Fetching origin
INFO:root:EXIT_CODE: 0
INFO:root:
COMMAND: /usr/local/bin/arduino-cli compile -b megaTinyCore:megaavr:atxy7:chip=1607,clock=5internal,bodvoltage=1v8,bodmode=disabled,eesave=enable,millis=enabled,resetpin=UPDI,startuptime=0,uartvoltage=skip /Users/saurabhdatta/PersonalProjects/clock/Arduino/clock_firmware_production/Tests/components_check -u -p /dev/tty.usbserial-A5XK3RJT -P serialupdi
INFO:root:Sketch uses 7239 bytes (44%) of program storage space. Maximum is 16384 bytes.
INFO:root:Global variables use 253 bytes (24%) of dynamic memory, leaving 771 bytes for local variables. Maximum is 1024 bytes.
INFO:root:SerialUPDI
INFO:root:UPDI programming for Arduino using a serial adapter
INFO:root:Based on pymcuprog, with significant modifications
INFO:root:By Quentin Bolsee and Spence Konde
INFO:root:Version 1.2.0 - June 2021
INFO:root:Using serial port /dev/tty.usbserial-A5XK3RJT at 230400 baud.
INFO:root:Target: attiny1607
INFO:root:Set fuses: ['2:0x02', '6:0x00', '8:0x00']
INFO:root:Action: write
INFO:root:File: /var/folders/yp/37w_03rx1qdbfsqckbyyk9t80000gn/T/arduino-sketch-5380282240B235EA65F31E83BC95B4D4/components_check.ino.hex
INFO:root:Pinging device...
INFO:root:Ping response: 1E9423
INFO:root:Setting fuse 0x2=0x2
INFO:root:Writing literal values...
INFO:root:Verifying literal values...
INFO:root:Action took 0.19s
INFO:root:Setting fuse 0x6=0x0
INFO:root:Writing literal values...
INFO:root:Verifying literal values...
INFO:root:Action took 0.19s
INFO:root:Setting fuse 0x8=0x0
INFO:root:Writing literal values...
INFO:root:Verifying literal values...
INFO:root:Action took 0.19s
INFO:root:Finished writing fuses.
INFO:root:Chip/Bulk erase,
INFO:root:Memory type eeprom is conditionally erased (depending upon EESAVE fuse setting)
INFO:root:Memory type flash is always erased
INFO:root:Memory type lockbits is always erased
INFO:root:...
INFO:root:Erased.
INFO:root:Action took 0.06s
INFO:root:Writing from hex file...
INFO:root:Writing flash...
INFO:root:[                                                  ]
INFO:root:[=                                                 ] 3/114
INFO:root:[==                                                ] 5/114
INFO:root:[===                                               ] 7/114
INFO:root:[====                                              ] 10/114
INFO:root:[=====                                             ] 12/114
INFO:root:[======                                            ] 14/114
INFO:root:[=======                                           ] 16/114
INFO:root:[========                                          ] 19/114
INFO:root:[=========                                         ] 21/114
INFO:root:[==========                                        ] 23/114
INFO:root:[===========                                       ] 26/114
INFO:root:[============                                      ] 28/114
INFO:root:[=============                                     ] 30/114
INFO:root:[==============                                    ] 32/114
INFO:root:[===============                                   ] 35/114
INFO:root:[================                                  ] 37/114
INFO:root:[=================                                 ] 39/114
INFO:root:[==================                                ] 42/114
INFO:root:[===================                               ] 44/114
INFO:root:[====================                              ] 46/114
INFO:root:[=====================                             ] 48/114
INFO:root:[======================                            ] 51/114
INFO:root:[=======================                           ] 53/114
INFO:root:[========================                          ] 55/114
INFO:root:[=========================                         ] 57/114
INFO:root:[==========================                        ] 60/114
INFO:root:[===========================                       ] 62/114
INFO:root:[============================                      ] 64/114
INFO:root:[=============================                     ] 67/114
INFO:root:[==============================                    ] 69/114
INFO:root:[===============================                   ] 71/114
INFO:root:[================================                  ] 73/114
INFO:root:[=================================                 ] 76/114
INFO:root:[==================================                ] 78/114
INFO:root:[===================================               ] 80/114
INFO:root:[====================================              ] 83/114
INFO:root:[=====================================             ] 85/114
INFO:root:[======================================            ] 87/114
INFO:root:[=======================================           ] 89/114
INFO:root:[========================================          ] 92/114
INFO:root:[=========================================         ] 94/114
INFO:root:[==========================================        ] 96/114
INFO:root:[===========================================       ] 99/114
INFO:root:[============================================      ] 101/114
INFO:root:[=============================================     ] 103/114
INFO:root:[==============================================    ] 105/114
INFO:root:[===============================================   ] 108/114
INFO:root:[================================================  ] 110/114
INFO:root:[================================================= ] 112/114
INFO:root:[==================================================] 114/114
INFO:root:Action took 7.74s
INFO:root:Verifying...
INFO:root:[                                                  ]
INFO:root:[===                                               ] 1/15
INFO:root:[======                                            ] 2/15
INFO:root:[==========                                        ] 3/15
INFO:root:[=============                                     ] 4/15
INFO:root:[================                                  ] 5/15
INFO:root:[====================                              ] 6/15
INFO:root:[=======================                           ] 7/15
INFO:root:[==========================                        ] 8/15
INFO:root:[==============================                    ] 9/15
INFO:root:[=================================                 ] 10/15
INFO:root:[====================================              ] 11/15
INFO:root:[========================================          ] 12/15
INFO:root:[===========================================       ] 13/15
INFO:root:[==============================================    ] 14/15
INFO:root:[==================================================] 15/15
INFO:root:Verify successful. Data in flash matches data in specified hex-file
INFO:root:Action took 0.85s
INFO:root:
INFO:root:EXIT_CODE: 0
INFO:root: Serial Port is now open
INFO:root: Reading serial data
INFO:root: Serial Read thread has started!
INFO:root:RTC_ADDR_FOUND:1
INFO:root:
INFO:root:CHECKING RTC's AVAILABILITY:
INFO:root:----------------------------
INFO:root:RTC_READABLE:1
INFO:root:06:41:22
INFO:root:09/01/2000
INFO:root:
INFO:root:CHECKING BUTTON's CONDITION:
INFO:root:----------------------------
INFO:root:SW_STATE:1 [9 sec left]
INFO:root:SW_STATE:0 [8 sec left]
INFO:root:SW_STATE:0 [7 sec left]
INFO:root:SW_STATE:1 [6 sec left]
INFO:root:SW_STATE:0 [5 sec left]
INFO:root:SW_STATE:1 [4 sec left]
INFO:root:SW_STATE:0 [3 sec left]
INFO:root:SW_STATE:1 [2 sec left]
INFO:root:SW_STATE:1 [1 sec left]
INFO:root:SW_STATE:1 [0 sec left]
INFO:root:
INFO:root:CHECKING DISPLAY's CONDITION:
INFO:root:-----------------------------
INFO:root:Watch if you see the below pattern
INFO:root:in the segments
INFO:root:(Starting in 10 sec):
INFO:root:0, 1
INFO:root:2, 3
INFO:root:delay(4000);
INFO:root:4, 5
INFO:root:6, 7
INFO:root:delay(4000);
INFO:root:8, 9
INFO:root:0, 0
INFO:root:delay(4000);
INFO:root:Finally display will Turn OFF
INFO:root:
INFO:root:Report DISPLAY OKAY by pressing '1'
INFO:root:Report DISPLAY NOT OKAY by pressing '0'
INFO:root: Serial Port Closed
INFO:root: Chosen Debug Serial port will be available for usage
INFO:root: Chosen Debug Serial port will be available for usage
INFO:root: Chosen Debug Serial port will be available for usage
INFO:root:
COMMAND: /usr/local/bin/arduino-cli compile -b megaTinyCore:megaavr:atxy7:chip=1607,clock=5internal,bodvoltage=1v8,bodmode=disabled,eesave=enable,millis=enabled,resetpin=UPDI,startuptime=0,uartvoltage=skip /Users/saurabhdatta/PersonalProjects/clock/Arduino/clock_firmware_production/Tests/components_check -u -p /dev/tty.usbserial-A5XK3RJT -P serialupdi
INFO:root:Sketch uses 7239 bytes (44%) of program storage space. Maximum is 16384 bytes.
INFO:root:Global variables use 253 bytes (24%) of dynamic memory, leaving 771 bytes for local variables. Maximum is 1024 bytes.
INFO:root:SerialUPDI
INFO:root:UPDI programming for Arduino using a serial adapter
INFO:root:Based on pymcuprog, with significant modifications
INFO:root:By Quentin Bolsee and Spence Konde
INFO:root:Version 1.2.0 - June 2021
INFO:root:Using serial port /dev/tty.usbserial-A5XK3RJT at 230400 baud.
INFO:root:Target: attiny1607
INFO:root:Set fuses: ['2:0x02', '6:0x00', '8:0x00']
INFO:root:Action: write
INFO:root:File: /var/folders/yp/37w_03rx1qdbfsqckbyyk9t80000gn/T/arduino-sketch-5380282240B235EA65F31E83BC95B4D4/components_check.ino.hex
INFO:root:Pinging device...
INFO:root:Ping response: 1E9423
INFO:root:Setting fuse 0x2=0x2
INFO:root:Writing literal values...
INFO:root:Verifying literal values...
INFO:root:Action took 0.19s
INFO:root:Setting fuse 0x6=0x0
INFO:root:Writing literal values...
INFO:root:Verifying literal values...
INFO:root:Action took 0.19s
INFO:root:Setting fuse 0x8=0x0
INFO:root:Writing literal values...
INFO:root:Verifying literal values...
INFO:root:Action took 0.20s
INFO:root:Finished writing fuses.
INFO:root:Chip/Bulk erase,
INFO:root:Memory type eeprom is conditionally erased (depending upon EESAVE fuse setting)
INFO:root:Memory type flash is always erased
INFO:root:Memory type lockbits is always erased
INFO:root:...
INFO:root:Erased.
INFO:root:Action took 0.06s
INFO:root:Writing from hex file...
INFO:root:Writing flash...
INFO:root:[                                                  ]
INFO:root:[=                                                 ] 3/114
INFO:root:[==                                                ] 5/114
INFO:root:[===                                               ] 7/114
INFO:root:[====                                              ] 10/114
INFO:root:[=====                                             ] 12/114
INFO:root:[======                                            ] 14/114
INFO:root:[=======                                           ] 16/114
INFO:root:[========                                          ] 19/114
INFO:root:[=========                                         ] 21/114
INFO:root:[==========                                        ] 23/114
INFO:root:[===========                                       ] 26/114
INFO:root:[============                                      ] 28/114
INFO:root:[=============                                     ] 30/114
INFO:root:[==============                                    ] 32/114
INFO:root:[===============                                   ] 35/114
INFO:root:[================                                  ] 37/114
INFO:root:[=================                                 ] 39/114
INFO:root:[==================                                ] 42/114
INFO:root:[===================                               ] 44/114
INFO:root:[====================                              ] 46/114
INFO:root:[=====================                             ] 48/114
INFO:root:[======================                            ] 51/114
INFO:root:[=======================                           ] 53/114
INFO:root:[========================                          ] 55/114
INFO:root:[=========================                         ] 57/114
INFO:root:[==========================                        ] 60/114
INFO:root:[===========================                       ] 62/114
INFO:root:[============================                      ] 64/114
INFO:root:[=============================                     ] 67/114
INFO:root:[==============================                    ] 69/114
INFO:root:[===============================                   ] 71/114
INFO:root:[================================                  ] 73/114
INFO:root:[=================================                 ] 76/114
INFO:root:[==================================                ] 78/114
INFO:root:[===================================               ] 80/114
INFO:root:[====================================              ] 83/114
INFO:root:[=====================================             ] 85/114
INFO:root:[======================================            ] 87/114
INFO:root:[=======================================           ] 89/114
INFO:root:[========================================          ] 92/114
INFO:root:[=========================================         ] 94/114
INFO:root:[==========================================        ] 96/114
INFO:root:[===========================================       ] 99/114
INFO:root:[============================================      ] 101/114
INFO:root:[=============================================     ] 103/114
INFO:root:[==============================================    ] 105/114
INFO:root:[===============================================   ] 108/114
INFO:root:[================================================  ] 110/114
INFO:root:[================================================= ] 112/114
INFO:root:[==================================================] 114/114
INFO:root:Action took 7.72s
INFO:root:Verifying...
INFO:root:[                                                  ]
INFO:root:[===                                               ] 1/15
INFO:root:[======                                            ] 2/15
INFO:root:[==========                                        ] 3/15
INFO:root:[=============                                     ] 4/15
INFO:root:[================                                  ] 5/15
INFO:root:[====================                              ] 6/15
INFO:root:[=======================                           ] 7/15
INFO:root:[==========================                        ] 8/15
INFO:root:[==============================                    ] 9/15
INFO:root:[=================================                 ] 10/15
INFO:root:[====================================              ] 11/15
INFO:root:[========================================          ] 12/15
INFO:root:[===========================================       ] 13/15
INFO:root:[==============================================    ] 14/15
INFO:root:[==================================================] 15/15
INFO:root:Verify successful. Data in flash matches data in specified hex-file
INFO:root:Action took 0.85s
INFO:root:
INFO:root:EXIT_CODE: 0
INFO:root: Serial Port is now open
INFO:root: Reading serial data
INFO:root: Serial Read thread has started!
INFO:root:RTC_ADDR_FOUND:1
INFO:root:
INFO:root:CHECKING RTC's AVAILABILITY:
INFO:root:----------------------------
INFO:root:RTC_READABLE:1
INFO:root:07:21:53
INFO:root:09/01/2000
INFO:root:
INFO:root:CHECKING BUTTON's CONDITION:
INFO:root:----------------------------
INFO:root:SW_STATE:1 [9 sec left]
INFO:root:SW_STATE:1 [8 sec left]
INFO:root:SW_STATE:1 [7 sec left]
INFO:root:SW_STATE:1 [6 sec left]
INFO:root:SW_STATE:1 [5 sec left]
INFO:root:SW_STATE:1 [4 sec left]
INFO:root:SW_STATE:0 [3 sec left]
INFO:root:SW_STATE:0 [2 sec left]
INFO:root:SW_STATE:1 [1 sec left]
INFO:root:SW_STATE:1 [0 sec left]
INFO:root:
INFO:root:CHECKING DISPLAY's CONDITION:
INFO:root:-----------------------------
INFO:root:Watch if you see the below pattern
INFO:root:in the segments
INFO:root:(Starting in 10 sec):
INFO:root:0, 1
INFO:root:2, 3
INFO:root:delay(4000);
INFO:root:4, 5
INFO:root:6, 7
INFO:root:delay(4000);
INFO:root:8, 9
INFO:root:0, 0
INFO:root:delay(4000);
INFO:root:Finally display will Turn OFF
INFO:root:
INFO:root:Report DISPLAY OKAY by pressing '1'
INFO:root:Report DISPLAY NOT OKAY by pressing '0'
INFO:root: Serial Port Closed
INFO:root: Chosen Debug Serial port will be available for usage
INFO:root: Disabled debug serial port opening scope
INFO:root: Chosen Debug Serial port will be available for usage
INFO:root: Chosen Debug Serial port will be available for usage
WARNING:root: Disabled debug serial port opening scope
INFO:root: Chosen Debug Serial port will be available for usage
WARNING:root: Disabled debug serial port opening scope
INFO:root:
COMMAND: /usr/local/bin/arduino-cli compile -b megaTinyCore:megaavr:atxy7:chip=1607,clock=5internal,bodvoltage=1v8,bodmode=disabled,eesave=enable,millis=enabled,resetpin=UPDI,startuptime=0,uartvoltage=skip /Users/saurabhdatta/PersonalProjects/clock/Arduino/clock_firmware_production/Tests/components_check -u -p /dev/tty.usbserial-A5XK3RJT -P serialupdi
WARNING:root: Disabled debug serial port opening scope
INFO:root:
COMMAND: /usr/local/bin/arduino-cli compile -b megaTinyCore:megaavr:atxy7:chip=1607,clock=5internal,bodvoltage=1v8,bodmode=disabled,eesave=enable,millis=enabled,resetpin=UPDI,startuptime=0,uartvoltage=skip /Users/saurabhdatta/PersonalProjects/clock/Arduino/clock_firmware_production/Tests/components_check -u -p /dev/tty.usbserial-A5XK3RJT -P serialupdi
WARNING:root: Disabled debug serial port opening scope
INFO:root: Chosen Debug Serial port will be available for usage
WARNING:root: Disabled debug serial port opening scope
INFO:root:
COMMAND: /usr/local/bin/arduino-cli compile -b megaTinyCore:megaavr:atxy7:chip=1607,clock=5internal,bodvoltage=1v8,bodmode=disabled,eesave=enable,millis=enabled,resetpin=UPDI,startuptime=0,uartvoltage=skip /Users/saurabhdatta/PersonalProjects/clock/Arduino/clock_firmware_production/Tests/components_check -u -p /dev/tty.usbserial-A5XK3RJT -P serialupdi
INFO:root:Sketch uses 7281 bytes (44%) of program storage space. Maximum is 16384 bytes.
INFO:root:Global variables use 253 bytes (24%) of dynamic memory, leaving 771 bytes for local variables. Maximum is 1024 bytes.
INFO:root:SerialUPDI
INFO:root:UPDI programming for Arduino using a serial adapter
INFO:root:Based on pymcuprog, with significant modifications
INFO:root:By Quentin Bolsee and Spence Konde
INFO:root:Version 1.2.0 - June 2021
INFO:root:Using serial port /dev/tty.usbserial-A5XK3RJT at 230400 baud.
INFO:root:Target: attiny1607
INFO:root:Set fuses: ['2:0x02', '6:0x00', '8:0x00']
INFO:root:Action: write
INFO:root:File: /var/folders/yp/37w_03rx1qdbfsqckbyyk9t80000gn/T/arduino-sketch-5380282240B235EA65F31E83BC95B4D4/components_check.ino.hex
INFO:root:Pinging device...
INFO:root:Ping response: 1E9423
INFO:root:Setting fuse 0x2=0x2
INFO:root:Writing literal values...
INFO:root:Verifying literal values...
INFO:root:Action took 0.19s
INFO:root:Setting fuse 0x6=0x0
INFO:root:Writing literal values...
INFO:root:Verifying literal values...
INFO:root:Action took 0.19s
INFO:root:Setting fuse 0x8=0x0
INFO:root:Writing literal values...
INFO:root:Verifying literal values...
INFO:root:Action took 0.19s
INFO:root:Finished writing fuses.
INFO:root:Chip/Bulk erase,
INFO:root:Memory type eeprom is conditionally erased (depending upon EESAVE fuse setting)
INFO:root:Memory type flash is always erased
INFO:root:Memory type lockbits is always erased
INFO:root:...
INFO:root:Erased.
INFO:root:Action took 0.06s
INFO:root:Writing from hex file...
INFO:root:Writing flash...
INFO:root:[                                                  ]
INFO:root:[=                                                 ] 3/114
INFO:root:[==                                                ] 5/114
INFO:root:[===                                               ] 7/114
INFO:root:[====                                              ] 10/114
INFO:root:[=====                                             ] 12/114
INFO:root:[======                                            ] 14/114
INFO:root:[=======                                           ] 16/114
INFO:root:[========                                          ] 19/114
INFO:root:[=========                                         ] 21/114
INFO:root:[==========                                        ] 23/114
INFO:root:[===========                                       ] 26/114
INFO:root:[============                                      ] 28/114
INFO:root:[=============                                     ] 30/114
INFO:root:[==============                                    ] 32/114
INFO:root:[===============                                   ] 35/114
INFO:root:[================                                  ] 37/114
INFO:root:[=================                                 ] 39/114
INFO:root:[==================                                ] 42/114
INFO:root:[===================                               ] 44/114
INFO:root:[====================                              ] 46/114
INFO:root:[=====================                             ] 48/114
INFO:root:[======================                            ] 51/114
INFO:root:[=======================                           ] 53/114
INFO:root:[========================                          ] 55/114
INFO:root:[=========================                         ] 57/114
INFO:root:[==========================                        ] 60/114
INFO:root:[===========================                       ] 62/114
INFO:root:[============================                      ] 64/114
INFO:root:[=============================                     ] 67/114
INFO:root:[==============================                    ] 69/114
INFO:root:[===============================                   ] 71/114
INFO:root:[================================                  ] 73/114
INFO:root:[=================================                 ] 76/114
INFO:root:[==================================                ] 78/114
INFO:root:[===================================               ] 80/114
INFO:root:[====================================              ] 83/114
INFO:root:[=====================================             ] 85/114
INFO:root:[======================================            ] 87/114
INFO:root:[=======================================           ] 89/114
INFO:root:[========================================          ] 92/114
INFO:root:[=========================================         ] 94/114
INFO:root:[==========================================        ] 96/114
INFO:root:[===========================================       ] 99/114
INFO:root:[============================================      ] 101/114
INFO:root:[=============================================     ] 103/114
INFO:root:[==============================================    ] 105/114
INFO:root:[===============================================   ] 108/114
INFO:root:[================================================  ] 110/114
INFO:root:[================================================= ] 112/114
INFO:root:[==================================================] 114/114
INFO:root:Action took 7.72s
INFO:root:Verifying...
INFO:root:[                                                  ]
INFO:root:[===                                               ] 1/15
INFO:root:[======                                            ] 2/15
INFO:root:[==========                                        ] 3/15
INFO:root:[=============                                     ] 4/15
INFO:root:[================                                  ] 5/15
INFO:root:[====================                              ] 6/15
INFO:root:[=======================                           ] 7/15
INFO:root:[==========================                        ] 8/15
INFO:root:[==============================                    ] 9/15
INFO:root:[=================================                 ] 10/15
INFO:root:[====================================              ] 11/15
INFO:root:[========================================          ] 12/15
INFO:root:[===========================================       ] 13/15
INFO:root:[==============================================    ] 14/15
INFO:root:[==================================================] 15/15
INFO:root:Verify successful. Data in flash matches data in specified hex-file
INFO:root:Action took 0.86s
INFO:root:
INFO:root:EXIT_CODE: 0
WARNING:root: Debug Serial Port could not be opened
WARNING:root: So not starting Serial Read!
INFO:root: Serial Port Closed
2021-10-09 19:09:39.832 WARNING {logger} [log_warning]  Disabled debug serial port opening scope
2021-10-09 19:09:56.140 INFO {logger} [log_info]  Chosen Debug Serial port will be available for usage
2021-10-09 19:10:45.333 INFO  Chosen Debug Serial port will be available for usage
2021-10-09 19:10:47.788 WARNING  Disabled debug serial port opening scope
2021-10-09 19:10:52.970 INFO  Chosen Debug Serial port will be available for usage
2021-10-09 19:54:36.591 INFO  Chosen Debug Serial port will be available for usage
2021-10-09 19:54:38.691 INFO 
COMMAND: git up
2021-10-09 19:54:58.740 INFO  Chosen Debug Serial port will be available for usage
2021-10-09 19:55:09.499 INFO  Chosen Debug Serial port will be available for usage
2021-10-09 19:55:19.411 INFO 
COMMAND: git up
2021-10-09 19:56:08.159 INFO  Chosen Debug Serial port will be available for usage
2021-10-09 19:56:09.342 INFO 
COMMAND: git up
2021-10-09 19:56:09.397 INFO Fetching origin
2021-10-09 19:56:15.194 INFO EXIT_CODE: 0
2021-10-09 19:56:25.303 INFO 
COMMAND: /usr/local/bin/arduino-cli compile -b megaTinyCore:megaavr:atxy7:chip=1607,clock=5internal,bodvoltage=1v8,bodmode=disabled,eesave=enable,millis=enabled,resetpin=UPDI,startuptime=0,uartvoltage=skip /Users/saurabhdatta/PersonalProjects/clock/Arduino/clock_firmware_production/Tests/components_check -u -p /dev/tty.usbserial-A5XK3RJT -P serialupdi
2021-10-09 19:56:30.575 WARNING  Disabled debug serial port opening scope
2021-10-09 19:56:30.791 INFO Sketch uses 7281 bytes (44%) of program storage space. Maximum is 16384 bytes.
2021-10-09 19:56:30.804 INFO Global variables use 253 bytes (24%) of dynamic memory, leaving 771 bytes for local variables. Maximum is 1024 bytes.
2021-10-09 19:56:30.972 INFO SerialUPDI
2021-10-09 19:56:30.973 INFO UPDI programming for Arduino using a serial adapter
2021-10-09 19:56:30.974 INFO Based on pymcuprog, with significant modifications
2021-10-09 19:56:30.980 INFO By Quentin Bolsee and Spence Konde
2021-10-09 19:56:30.980 INFO Version 1.2.0 - June 2021
2021-10-09 19:56:30.982 INFO Using serial port /dev/tty.usbserial-A5XK3RJT at 230400 baud.
2021-10-09 19:56:30.984 INFO Target: attiny1607
2021-10-09 19:56:30.985 INFO Set fuses: ['2:0x02', '6:0x00', '8:0x00']
2021-10-09 19:56:30.985 INFO Action: write
2021-10-09 19:56:30.986 INFO File: /var/folders/yp/37w_03rx1qdbfsqckbyyk9t80000gn/T/arduino-sketch-5380282240B235EA65F31E83BC95B4D4/components_check.ino.hex
2021-10-09 19:56:32.339 INFO Pinging device...
2021-10-09 19:56:33.545 INFO Ping response: 1E9423
2021-10-09 19:56:33.546 INFO Setting fuse 0x2=0x2
2021-10-09 19:56:33.557 INFO Writing literal values...
2021-10-09 19:56:33.715 INFO Verifying literal values...
2021-10-09 19:56:33.739 INFO Action took 0.19s
2021-10-09 19:56:33.740 INFO Setting fuse 0x6=0x0
2021-10-09 19:56:33.740 INFO Writing literal values...
2021-10-09 19:56:33.905 INFO Verifying literal values...
2021-10-09 19:56:33.933 INFO Action took 0.19s
2021-10-09 19:56:33.934 INFO Setting fuse 0x8=0x0
2021-10-09 19:56:33.934 INFO Writing literal values...
2021-10-09 19:56:34.088 INFO Verifying literal values...
2021-10-09 19:56:34.122 INFO Action took 0.19s
2021-10-09 19:56:34.122 INFO Finished writing fuses.
2021-10-09 19:56:34.122 INFO Chip/Bulk erase,
2021-10-09 19:56:34.122 INFO Memory type eeprom is conditionally erased (depending upon EESAVE fuse setting)
2021-10-09 19:56:34.123 INFO Memory type flash is always erased
2021-10-09 19:56:34.125 INFO Memory type lockbits is always erased
2021-10-09 19:56:34.125 INFO ...
2021-10-09 19:56:34.186 INFO Erased.
2021-10-09 19:56:34.197 INFO Action took 0.06s
2021-10-09 19:56:34.208 INFO Writing from hex file...
2021-10-09 19:56:34.208 INFO Writing flash...
2021-10-09 19:56:34.465 INFO [                                                  ]
2021-10-09 19:56:34.602 INFO [=                                                 ] 3/114
2021-10-09 19:56:34.734 INFO [==                                                ] 5/114
2021-10-09 19:56:34.948 INFO [===                                               ] 7/114
2021-10-09 19:56:35.070 INFO [====                                              ] 10/114
2021-10-09 19:56:35.206 INFO [=====                                             ] 12/114
2021-10-09 19:56:35.344 INFO [======                                            ] 14/114
2021-10-09 19:56:35.538 INFO [=======                                           ] 16/114
2021-10-09 19:56:35.672 INFO [========                                          ] 19/114
2021-10-09 19:56:35.816 INFO [=========                                         ] 21/114
2021-10-09 19:56:36.006 INFO [==========                                        ] 23/114
2021-10-09 19:56:36.139 INFO [===========                                       ] 26/114
2021-10-09 19:56:36.274 INFO [============                                      ] 28/114
2021-10-09 19:56:36.412 INFO [=============                                     ] 30/114
2021-10-09 19:56:36.612 INFO [==============                                    ] 32/114
2021-10-09 19:56:36.745 INFO [===============                                   ] 35/114
2021-10-09 19:56:36.877 INFO [================                                  ] 37/114
2021-10-09 19:56:37.088 INFO [=================                                 ] 39/114
2021-10-09 19:56:37.248 INFO [==================                                ] 42/114
2021-10-09 19:56:37.363 INFO [===================                               ] 44/114
2021-10-09 19:56:37.481 INFO [====================                              ] 46/114
2021-10-09 19:56:37.680 INFO [=====================                             ] 48/114
2021-10-09 19:56:37.830 INFO [======================                            ] 51/114
2021-10-09 19:56:37.954 INFO [=======================                           ] 53/114
2021-10-09 19:56:38.084 INFO [========================                          ] 55/114
2021-10-09 19:56:38.284 INFO [=========================                         ] 57/114
2021-10-09 19:56:38.419 INFO [==========================                        ] 60/114
2021-10-09 19:56:38.557 INFO [===========================                       ] 62/114
2021-10-09 19:56:38.755 INFO [============================                      ] 64/114
2021-10-09 19:56:38.904 INFO [=============================                     ] 67/114
2021-10-09 19:56:39.021 INFO [==============================                    ] 69/114
2021-10-09 19:56:39.164 INFO [===============================                   ] 71/114
2021-10-09 19:56:39.356 INFO [================================                  ] 73/114
2021-10-09 19:56:39.494 INFO [=================================                 ] 76/114
2021-10-09 19:56:39.627 INFO [==================================                ] 78/114
2021-10-09 19:56:39.827 INFO [===================================               ] 80/114
2021-10-09 19:56:39.970 INFO [====================================              ] 83/114
2021-10-09 19:56:40.102 INFO [=====================================             ] 85/114
2021-10-09 19:56:40.228 INFO [======================================            ] 87/114
2021-10-09 19:56:40.430 INFO [=======================================           ] 89/114
2021-10-09 19:56:40.563 INFO [========================================          ] 92/114
2021-10-09 19:56:40.697 INFO [=========================================         ] 94/114
2021-10-09 19:56:40.908 INFO [==========================================        ] 96/114
2021-10-09 19:56:41.033 INFO [===========================================       ] 99/114
2021-10-09 19:56:41.193 INFO [============================================      ] 101/114
2021-10-09 19:56:41.314 INFO [=============================================     ] 103/114
2021-10-09 19:56:41.517 INFO [==============================================    ] 105/114
2021-10-09 19:56:41.636 INFO [===============================================   ] 108/114
2021-10-09 19:56:41.771 INFO [================================================  ] 110/114
2021-10-09 19:56:41.920 INFO [================================================= ] 112/114
2021-10-09 19:56:41.927 INFO [==================================================] 114/114
2021-10-09 19:56:41.931 INFO Action took 7.73s
2021-10-09 19:56:41.939 INFO Verifying...
2021-10-09 19:56:42.005 INFO [                                                  ]
2021-10-09 19:56:42.044 INFO [===                                               ] 1/15
2021-10-09 19:56:42.098 INFO [======                                            ] 2/15
2021-10-09 19:56:42.155 INFO [==========                                        ] 3/15
2021-10-09 19:56:42.213 INFO [=============                                     ] 4/15
2021-10-09 19:56:42.276 INFO [================                                  ] 5/15
2021-10-09 19:56:42.330 INFO [====================                              ] 6/15
2021-10-09 19:56:42.394 INFO [=======================                           ] 7/15
2021-10-09 19:56:42.446 INFO [==========================                        ] 8/15
2021-10-09 19:56:42.505 INFO [==============================                    ] 9/15
2021-10-09 19:56:42.569 INFO [=================================                 ] 10/15
2021-10-09 19:56:42.620 INFO [====================================              ] 11/15
2021-10-09 19:56:42.679 INFO [========================================          ] 12/15
2021-10-09 19:56:42.739 INFO [===========================================       ] 13/15
2021-10-09 19:56:42.767 INFO [==============================================    ] 14/15
2021-10-09 19:56:42.779 INFO [==================================================] 15/15
2021-10-09 19:56:42.783 INFO Verify successful. Data in flash matches data in specified hex-file
2021-10-09 19:56:42.789 INFO Action took 0.85s
2021-10-09 19:56:42.825 INFO 
2021-10-09 19:56:42.839 INFO EXIT_CODE: 0
2021-10-09 19:56:44.842 ERROR  Debug Serial Port could not be opened
2021-10-09 19:56:44.842 ERROR  So not starting Serial Read!
2021-10-09 19:56:44.845 INFO  Serial Port Closed
2021-10-09 19:59:08.178 INFO  Chosen Debug Serial port will be available for usage
2021-10-09 19:59:11.297 INFO 
COMMAND: git up
2021-10-09 19:59:11.347 INFO Fetching origin
2021-10-09 20:01:48.639 INFO EXIT_CODE: -2
2021-10-09 20:01:57.437 INFO  Chosen Debug Serial port will be available for usage
2021-10-09 20:02:31.263 INFO 
COMMAND: git up
2021-10-09 20:02:31.316 INFO Fetching origin
2021-10-09 20:04:24.008 INFO EXIT_CODE: -2
2021-10-09 20:05:27.757 INFO  Chosen Debug Serial port will be available for usage
2021-10-09 20:06:02.466 INFO 
COMMAND: timeout 120 git up
2021-10-09 20:06:02.533 INFO Fetching origin
2021-10-09 20:06:08.332 INFO EXIT_CODE: 0
2021-10-09 20:15:22.516 INFO  Chosen Debug Serial port will be available for usage
2021-10-09 20:15:35.257 INFO /usr/local/bin/arduino-cli compile -b megaTinyCore:megaavr:atxy7:chip=1607,clock=5internal,bodvoltage=1v8,bodmode=disabled,eesave=enable,millis=enabled,resetpin=UPDI,startuptime=0,uartvoltage=skip /Users/saurabhdatta/PersonalProjects/clock/Arduino/clock_firmware_production -u -p /dev/tty.usbserial-A5XK3RJT -P serialupdi
2021-10-09 20:15:37.529 INFO /usr/local/bin/arduino-cli compile -b megaTinyCore:megaavr:atxy7:chip=1607,clock=5internal,bodvoltage=1v8,bodmode=disabled,eesave=enable,millis=enabled,resetpin=UPDI,startuptime=0,uartvoltage=skip /Users/saurabhdatta/PersonalProjects/clock/Arduino/clock_firmware_production/Tests/components_check -u -p /dev/tty.usbserial-A5XK3RJT -P serialupdi
2021-10-09 20:15:39.296 INFO /usr/local/bin/arduino-cli compile -b megaTinyCore:megaavr:atxy7:chip=1607,clock=5internal,bodvoltage=1v8,bodmode=disabled,eesave=enable,millis=enabled,resetpin=UPDI,startuptime=0,uartvoltage=skip /Users/saurabhdatta/PersonalProjects/clock/Arduino/clock_firmware_production -u -p /dev/tty.usbserial-A5XK3RJT -P serialupdi
2021-10-09 20:15:40.648 INFO /usr/local/bin/arduino-cli compile -b megaTinyCore:megaavr:atxy7:chip=1607,clock=5internal,bodvoltage=1v8,bodmode=disabled,eesave=enable,millis=enabled,resetpin=UPDI,startuptime=0,uartvoltage=skip /Users/saurabhdatta/PersonalProjects/clock/Arduino/clock_firmware_production/Tests/components_check -u -p /dev/tty.usbserial-A5XK3RJT -P serialupdi
2021-10-09 20:15:42.158 INFO /usr/local/bin/arduino-cli compile -b megaTinyCore:megaavr:atxy7:chip=1607,clock=5internal,bodvoltage=1v8,bodmode=disabled,eesave=enable,millis=enabled,resetpin=UPDI,startuptime=0,uartvoltage=skip /Users/saurabhdatta/PersonalProjects/clock/Arduino/clock_firmware_production -u -p /dev/tty.usbserial-A5XK3RJT -P serialupdi
2021-10-09 20:15:43.482 INFO /usr/local/bin/arduino-cli compile -b megaTinyCore:megaavr:atxy7:chip=1607,clock=5internal,bodvoltage=1v8,bodmode=disabled,eesave=enable,millis=enabled,resetpin=UPDI,startuptime=0,uartvoltage=skip /Users/saurabhdatta/PersonalProjects/clock/Arduino/clock_firmware_production/Tests/components_check -u -p /dev/tty.usbserial-A5XK3RJT -P serialupdi
2021-10-09 20:15:50.023 INFO 
COMMAND: timeout 120 git up
2021-10-09 20:15:50.091 INFO Fetching origin
2021-10-09 20:15:55.836 INFO EXIT_CODE: 0
2021-10-09 20:18:05.273 INFO  Chosen Debug Serial port will be available for usage
2021-10-09 20:18:08.472 INFO COMMAND: timeout 120 git up
2021-10-09 20:18:08.533 INFO Fetching origin
2021-10-09 20:18:14.016 INFO EXIT_CODE: 0
2021-10-09 20:19:41.560 INFO Chosen Debug Serial port will be available for usage
2021-10-09 20:19:43.546 INFO COMMAND: git up
2021-10-09 20:19:43.599 INFO Fetching origin
2021-10-09 20:19:48.814 INFO EXIT_CODE: 0
2021-10-09 20:24:34.858 INFO Chosen Debug Serial port will be available for usage
2021-10-09 20:25:57.716 INFO Chosen Debug Serial port will be available for usage
2021-10-09 20:26:01.331 INFO /usr/local/bin/arduino-cli compile -b megaTinyCore:megaavr:atxy7:chip=1607,clock=5internal,bodvoltage=1v8,bodmode=disabled,eesave=enable,millis=enabled,resetpin=UPDI,startuptime=0,uartvoltage=skip /Users/saurabhdatta/PersonalProjects/clock/Arduino/clock_firmware_production -u -p /dev/tty.usbserial-A5XK3RJT -P serialupdi
2021-10-09 20:26:03.002 INFO /usr/local/bin/arduino-cli compile -b megaTinyCore:megaavr:atxy7:chip=1607,clock=5internal,bodvoltage=1v8,bodmode=disabled,eesave=enable,millis=enabled,resetpin=UPDI,startuptime=0,uartvoltage=skip /Users/saurabhdatta/PersonalProjects/clock/Arduino/clock_firmware_production/Tests/components_check -u -p /dev/tty.usbserial-A5XK3RJT -P serialupdi
2021-10-09 20:38:03.672 INFO Chosen Debug Serial port will be available for usage
2021-10-09 20:47:28.938 INFO Chosen Debug Serial port will be available for usage
2021-10-09 20:47:34.152 WARNING Disabled debug serial port opening scope
2021-10-09 20:47:39.085 INFO Chosen Debug Serial port will be available for usage
2021-10-09 23:47:09.937 INFO Chosen Debug Serial port will be available for usage
2021-10-10 02:10:20.909 INFO Chosen Debug Serial port will be available for usage
2021-10-10 02:11:47.552 INFO Chosen Debug Serial port will be available for usage
2021-10-10 02:13:13.593 INFO Chosen Debug Serial port will be available for usage
2021-10-10 02:14:27.405 WARNING Disabled debug serial port opening scope
2021-10-10 02:14:36.646 INFO Chosen Debug Serial port will be available for usage
2021-10-10 02:15:51.136 WARNING Disabled debug serial port opening scope
2021-10-10 02:15:56.256 INFO Chosen Debug Serial port will be available for usage
2021-10-10 02:16:59.723 INFO Chosen Debug Serial port will be available for usage
2021-10-10 02:20:56.185 INFO Chosen Debug Serial port will be available for usage
2021-10-10 02:21:04.216 INFO Chosen Debug Serial port will be available for usage
2021-10-10 02:21:46.272 INFO Chosen Debug Serial port will be available for usage
2021-10-10 02:22:04.833 INFO Chosen Debug Serial port will be available for usage
2021-10-10 02:22:27.328 INFO Chosen Debug Serial port will be available for usage
2021-10-10 02:22:41.524 INFO Chosen Debug Serial port will be available for usage
2021-10-10 02:23:01.441 INFO Chosen Debug Serial port will be available for usage
2021-10-10 02:23:51.750 INFO Chosen Debug Serial port will be available for usage
2021-10-10 02:24:09.699 INFO Chosen Debug Serial port will be available for usage
2021-10-10 02:29:53.188 WARNING Disabled debug serial port opening scope
2021-10-10 02:30:11.191 WARNING Disabled debug serial port opening scope
2021-10-10 02:32:31.419 INFO Chosen Debug Serial port will be available for usage
2021-10-10 02:34:33.726 INFO Chosen Debug Serial port will be available for usage
2021-10-10 02:34:44.715 INFO COMMAND: /usr/local/bin/arduino-cli compile -b megaTinyCore:megaavr:atxy7:chip=1607,clock=5internal,bodvoltage=1v8,bodmode=disabled,eesave=enable,millis=enabled,resetpin=UPDI,startuptime=0,uartvoltage=skip /Users/saurabhdatta/PersonalProjects/clock/Arduino/clock_firmware_production/Tests/components_check -u -p /dev/tty.usbserial-A10KHTR4 -P serialupdi
2021-10-10 02:34:50.264 INFO Sketch uses 7281 bytes (44%) of program storage space. Maximum is 16384 bytes.
2021-10-10 02:34:50.274 INFO Global variables use 253 bytes (24%) of dynamic memory, leaving 771 bytes for local variables. Maximum is 1024 bytes.
2021-10-10 02:34:50.477 INFO SerialUPDI
2021-10-10 02:34:50.481 INFO UPDI programming for Arduino using a serial adapter
2021-10-10 02:34:50.487 INFO Based on pymcuprog, with significant modifications
2021-10-10 02:34:50.498 INFO By Quentin Bolsee and Spence Konde
2021-10-10 02:34:50.504 INFO Version 1.2.0 - June 2021
2021-10-10 02:34:50.505 INFO Using serial port /dev/tty.usbserial-A10KHTR4 at 230400 baud.
2021-10-10 02:34:50.506 INFO Target: attiny1607
2021-10-10 02:34:50.506 INFO Set fuses: ['2:0x02', '6:0x00', '8:0x00']
2021-10-10 02:34:50.506 INFO Action: write
2021-10-10 02:34:50.507 INFO File: /var/folders/yp/37w_03rx1qdbfsqckbyyk9t80000gn/T/arduino-sketch-5380282240B235EA65F31E83BC95B4D4/components_check.ino.hex
2021-10-10 02:34:53.082 INFO Pinging device...
2021-10-10 02:34:54.328 INFO Ping response: 1E9423
2021-10-10 02:34:54.357 INFO Setting fuse 0x2=0x2
2021-10-10 02:34:54.380 INFO Writing literal values...
2021-10-10 02:34:54.495 INFO Verifying literal values...
2021-10-10 02:34:54.517 INFO Action took 0.19s
2021-10-10 02:34:54.518 INFO Setting fuse 0x6=0x0
2021-10-10 02:34:54.518 INFO Writing literal values...
2021-10-10 02:34:54.677 INFO Verifying literal values...
2021-10-10 02:34:54.713 INFO Action took 0.19s
2021-10-10 02:34:54.714 INFO Setting fuse 0x8=0x0
2021-10-10 02:34:54.715 INFO Writing literal values...
2021-10-10 02:34:54.870 INFO Verifying literal values...
2021-10-10 02:34:54.911 INFO Action took 0.19s
2021-10-10 02:34:54.911 INFO Finished writing fuses.
2021-10-10 02:34:54.915 INFO Chip/Bulk erase,
2021-10-10 02:34:54.917 INFO Memory type eeprom is conditionally erased (depending upon EESAVE fuse setting)
2021-10-10 02:34:54.917 INFO Memory type flash is always erased
2021-10-10 02:34:54.924 INFO Memory type lockbits is always erased
2021-10-10 02:34:54.924 INFO ...
2021-10-10 02:34:54.964 INFO Erased.
2021-10-10 02:34:54.965 INFO Action took 0.06s
2021-10-10 02:34:54.992 INFO Writing from hex file...
2021-10-10 02:34:54.992 INFO Writing flash...
2021-10-10 02:34:55.247 INFO [                                                  ]
2021-10-10 02:34:55.382 INFO [=                                                 ] 3/114
2021-10-10 02:34:55.517 INFO [==                                                ] 5/114
2021-10-10 02:34:55.720 INFO [===                                               ] 7/114
2021-10-10 02:34:55.850 INFO [====                                              ] 10/114
2021-10-10 02:34:55.986 INFO [=====                                             ] 12/114
2021-10-10 02:34:56.119 INFO [======                                            ] 14/114
2021-10-10 02:34:56.322 INFO [=======                                           ] 16/114
2021-10-10 02:34:56.454 INFO [========                                          ] 19/114
2021-10-10 02:34:56.586 INFO [=========                                         ] 21/114
2021-10-10 02:34:56.789 INFO [==========                                        ] 23/114
2021-10-10 02:34:56.922 INFO [===========                                       ] 26/114
2021-10-10 02:34:57.059 INFO [============                                      ] 28/114
2021-10-10 02:34:57.192 INFO [=============                                     ] 30/114
2021-10-10 02:34:57.390 INFO [==============                                    ] 32/114
2021-10-10 02:34:57.525 INFO [===============                                   ] 35/114
2021-10-10 02:34:57.664 INFO [================                                  ] 37/114
2021-10-10 02:34:57.860 INFO [=================                                 ] 39/114
2021-10-10 02:34:57.996 INFO [==================                                ] 42/114
2021-10-10 02:34:58.133 INFO [===================                               ] 44/114
2021-10-10 02:34:58.265 INFO [====================                              ] 46/114
2021-10-10 02:34:58.462 INFO [=====================                             ] 48/114
2021-10-10 02:34:58.597 INFO [======================                            ] 51/114
2021-10-10 02:34:58.732 INFO [=======================                           ] 53/114
2021-10-10 02:34:58.865 INFO [========================                          ] 55/114
2021-10-10 02:34:59.067 INFO [=========================                         ] 57/114
2021-10-10 02:34:59.207 INFO [==========================                        ] 60/114
2021-10-10 02:34:59.335 INFO [===========================                       ] 62/114
2021-10-10 02:34:59.542 INFO [============================                      ] 64/114
2021-10-10 02:34:59.674 INFO [=============================                     ] 67/114
2021-10-10 02:34:59.809 INFO [==============================                    ] 69/114
2021-10-10 02:34:59.941 INFO [===============================                   ] 71/114
2021-10-10 02:35:00.140 INFO [================================                  ] 73/114
2021-10-10 02:35:00.274 INFO [=================================                 ] 76/114
2021-10-10 02:35:00.407 INFO [==================================                ] 78/114
2021-10-10 02:35:00.608 INFO [===================================               ] 80/114
2021-10-10 02:35:00.744 INFO [====================================              ] 83/114
2021-10-10 02:35:00.874 INFO [=====================================             ] 85/114
2021-10-10 02:35:01.009 INFO [======================================            ] 87/114
2021-10-10 02:35:01.208 INFO [=======================================           ] 89/114
2021-10-10 02:35:01.342 INFO [========================================          ] 92/114
2021-10-10 02:35:01.476 INFO [=========================================         ] 94/114
2021-10-10 02:35:01.681 INFO [==========================================        ] 96/114
2021-10-10 02:35:01.814 INFO [===========================================       ] 99/114
2021-10-10 02:35:01.945 INFO [============================================      ] 101/114
2021-10-10 02:35:02.082 INFO [=============================================     ] 103/114
2021-10-10 02:35:02.282 INFO [==============================================    ] 105/114
2021-10-10 02:35:02.417 INFO [===============================================   ] 108/114
2021-10-10 02:35:02.551 INFO [================================================  ] 110/114
2021-10-10 02:35:02.703 INFO [================================================= ] 112/114
2021-10-10 02:35:02.703 INFO [==================================================] 114/114
2021-10-10 02:35:02.709 INFO Action took 7.74s
2021-10-10 02:35:02.710 INFO Verifying...
2021-10-10 02:35:02.769 INFO [                                                  ]
2021-10-10 02:35:02.825 INFO [===                                               ] 1/15
2021-10-10 02:35:02.881 INFO [======                                            ] 2/15
2021-10-10 02:35:02.938 INFO [==========                                        ] 3/15
2021-10-10 02:35:03.000 INFO [=============                                     ] 4/15
2021-10-10 02:35:03.054 INFO [================                                  ] 5/15
2021-10-10 02:35:03.117 INFO [====================                              ] 6/15
2021-10-10 02:35:03.171 INFO [=======================                           ] 7/15
2021-10-10 02:35:03.228 INFO [==========================                        ] 8/15
2021-10-10 02:35:03.291 INFO [==============================                    ] 9/15
2021-10-10 02:35:03.343 INFO [=================================                 ] 10/15
2021-10-10 02:35:03.404 INFO [====================================              ] 11/15
2021-10-10 02:35:03.460 INFO [========================================          ] 12/15
2021-10-10 02:35:03.518 INFO [===========================================       ] 13/15
2021-10-10 02:35:03.548 INFO [==============================================    ] 14/15
2021-10-10 02:35:03.568 INFO [==================================================] 15/15
2021-10-10 02:35:03.578 INFO Verify successful. Data in flash matches data in specified hex-file
2021-10-10 02:35:03.578 INFO Action took 0.85s
2021-10-10 02:35:03.608 INFO 
2021-10-10 02:35:03.622 INFO EXIT_CODE: 0
2021-10-10 02:35:05.645 INFO Serial Port is now open
2021-10-10 02:35:05.645 INFO Reading serial data
2021-10-10 02:35:05.649 INFO Serial Read thread has started!
2021-10-10 02:38:04.867 INFO Chosen Debug Serial port will be available for usage
2021-10-10 02:38:15.895 WARNING Disabled debug serial port opening scope
2021-10-10 02:38:25.382 INFO Chosen Debug Serial port will be available for usage
2021-10-10 02:39:17.469 INFO Chosen Debug Serial port will be available for usage
2021-10-10 02:39:26.459 INFO COMMAND: /usr/local/bin/arduino-cli compile -b megaTinyCore:megaavr:atxy7:chip=1607,clock=5internal,bodvoltage=1v8,bodmode=disabled,eesave=enable,millis=enabled,resetpin=UPDI,startuptime=0,uartvoltage=skip /Users/saurabhdatta/PersonalProjects/clock/Arduino/clock_firmware_production/Tests/components_check -u -p /dev/tty.usbserial-A10KHTR4 -P serialupdi
2021-10-10 02:39:30.765 INFO Sketch uses 7281 bytes (44%) of program storage space. Maximum is 16384 bytes.
2021-10-10 02:39:30.773 INFO Global variables use 253 bytes (24%) of dynamic memory, leaving 771 bytes for local variables. Maximum is 1024 bytes.
2021-10-10 02:39:30.870 INFO SerialUPDI
2021-10-10 02:39:30.875 INFO UPDI programming for Arduino using a serial adapter
2021-10-10 02:39:30.876 INFO Based on pymcuprog, with significant modifications
2021-10-10 02:39:30.886 INFO By Quentin Bolsee and Spence Konde
2021-10-10 02:39:30.887 INFO Version 1.2.0 - June 2021
2021-10-10 02:39:30.893 INFO Using serial port /dev/tty.usbserial-A10KHTR4 at 230400 baud.
2021-10-10 02:39:30.896 INFO Target: attiny1607
2021-10-10 02:39:30.906 INFO Set fuses: ['2:0x02', '6:0x00', '8:0x00']
2021-10-10 02:39:30.912 INFO Action: write
2021-10-10 02:39:30.922 INFO File: /var/folders/yp/37w_03rx1qdbfsqckbyyk9t80000gn/T/arduino-sketch-5380282240B235EA65F31E83BC95B4D4/components_check.ino.hex
2021-10-10 02:39:32.153 INFO Pinging device...
2021-10-10 02:39:33.400 INFO Ping response: 1E9423
2021-10-10 02:39:33.403 INFO Setting fuse 0x2=0x2
2021-10-10 02:39:33.409 INFO Writing literal values...
2021-10-10 02:39:33.572 INFO Verifying literal values...
2021-10-10 02:39:33.596 INFO Action took 0.19s
2021-10-10 02:39:33.596 INFO Setting fuse 0x6=0x0
2021-10-10 02:39:33.599 INFO Writing literal values...
2021-10-10 02:39:33.764 INFO Verifying literal values...
2021-10-10 02:39:33.778 INFO Action took 0.19s
2021-10-10 02:39:33.779 INFO Setting fuse 0x8=0x0
2021-10-10 02:39:33.781 INFO Writing literal values...
2021-10-10 02:39:33.949 INFO Verifying literal values...
2021-10-10 02:39:33.973 INFO Action took 0.19s
2021-10-10 02:39:33.974 INFO Finished writing fuses.
2021-10-10 02:39:33.974 INFO Chip/Bulk erase,
2021-10-10 02:39:33.975 INFO Memory type eeprom is conditionally erased (depending upon EESAVE fuse setting)
2021-10-10 02:39:33.978 INFO Memory type flash is always erased
2021-10-10 02:39:33.978 INFO Memory type lockbits is always erased
2021-10-10 02:39:33.981 INFO ...
2021-10-10 02:39:34.039 INFO Erased.
2021-10-10 02:39:34.043 INFO Action took 0.06s
2021-10-10 02:39:34.046 INFO Writing from hex file...
2021-10-10 02:39:34.046 INFO Writing flash...
2021-10-10 02:39:34.300 INFO [                                                  ]
2021-10-10 02:39:34.434 INFO [=                                                 ] 3/114
2021-10-10 02:39:34.570 INFO [==                                                ] 5/114
2021-10-10 02:39:34.768 INFO [===                                               ] 7/114
2021-10-10 02:39:34.907 INFO [====                                              ] 10/114
2021-10-10 02:39:35.039 INFO [=====                                             ] 12/114
2021-10-10 02:39:35.169 INFO [======                                            ] 14/114
2021-10-10 02:39:35.371 INFO [=======                                           ] 16/114
2021-10-10 02:39:35.505 INFO [========                                          ] 19/114
2021-10-10 02:39:35.637 INFO [=========                                         ] 21/114
2021-10-10 02:39:35.837 INFO [==========                                        ] 23/114
2021-10-10 02:39:35.973 INFO [===========                                       ] 26/114
2021-10-10 02:39:36.105 INFO [============                                      ] 28/114
2021-10-10 02:39:36.254 INFO [=============                                     ] 30/114
2021-10-10 02:39:36.440 INFO [==============                                    ] 32/114
2021-10-10 02:39:36.573 INFO [===============                                   ] 35/114
2021-10-10 02:39:36.709 INFO [================                                  ] 37/114
2021-10-10 02:39:36.926 INFO [=================                                 ] 39/114
2021-10-10 02:39:37.042 INFO [==================                                ] 42/114
2021-10-10 02:39:37.177 INFO [===================                               ] 44/114
2021-10-10 02:39:37.322 INFO [====================                              ] 46/114
2021-10-10 02:39:37.514 INFO [=====================                             ] 48/114
2021-10-10 02:39:37.649 INFO [======================                            ] 51/114
2021-10-10 02:39:37.784 INFO [=======================                           ] 53/114
2021-10-10 02:39:37.912 INFO [========================                          ] 55/114
2021-10-10 02:39:38.122 INFO [=========================                         ] 57/114
2021-10-10 02:39:38.250 INFO [==========================                        ] 60/114
2021-10-10 02:39:38.385 INFO [===========================                       ] 62/114
2021-10-10 02:39:38.581 INFO [============================                      ] 64/114
2021-10-10 02:39:38.725 INFO [=============================                     ] 67/114
2021-10-10 02:39:38.848 INFO [==============================                    ] 69/114
2021-10-10 02:39:38.989 INFO [===============================                   ] 71/114
2021-10-10 02:39:39.193 INFO [================================                  ] 73/114
2021-10-10 02:39:39.318 INFO [=================================                 ] 76/114
2021-10-10 02:39:39.453 INFO [==================================                ] 78/114
2021-10-10 02:39:39.657 INFO [===================================               ] 80/114
2021-10-10 02:39:39.786 INFO [====================================              ] 83/114
2021-10-10 02:39:39.921 INFO [=====================================             ] 85/114
2021-10-10 02:39:40.058 INFO [======================================            ] 87/114
2021-10-10 02:39:40.258 INFO [=======================================           ] 89/114
2021-10-10 02:39:40.391 INFO [========================================          ] 92/114
2021-10-10 02:39:40.525 INFO [=========================================         ] 94/114
2021-10-10 02:39:40.724 INFO [==========================================        ] 96/114
2021-10-10 02:39:40.855 INFO [===========================================       ] 99/114
2021-10-10 02:39:40.991 INFO [============================================      ] 101/114
2021-10-10 02:39:41.145 INFO [=============================================     ] 103/114
2021-10-10 02:39:41.330 INFO [==============================================    ] 105/114
2021-10-10 02:39:41.460 INFO [===============================================   ] 108/114
2021-10-10 02:39:41.593 INFO [================================================  ] 110/114
2021-10-10 02:39:41.746 INFO [================================================= ] 112/114
2021-10-10 02:39:41.750 INFO [==================================================] 114/114
2021-10-10 02:39:41.758 INFO Action took 7.71s
2021-10-10 02:39:41.761 INFO Verifying...
2021-10-10 02:39:41.805 INFO [                                                  ]
2021-10-10 02:39:41.866 INFO [===                                               ] 1/15
2021-10-10 02:39:41.927 INFO [======                                            ] 2/15
2021-10-10 02:39:41.978 INFO [==========                                        ] 3/15
2021-10-10 02:39:42.039 INFO [=============                                     ] 4/15
2021-10-10 02:39:42.093 INFO [================                                  ] 5/15
2021-10-10 02:39:42.156 INFO [====================                              ] 6/15
2021-10-10 02:39:42.229 INFO [=======================                           ] 7/15
2021-10-10 02:39:42.269 INFO [==========================                        ] 8/15
2021-10-10 02:39:42.332 INFO [==============================                    ] 9/15
2021-10-10 02:39:42.390 INFO [=================================                 ] 10/15
2021-10-10 02:39:42.445 INFO [====================================              ] 11/15
2021-10-10 02:39:42.503 INFO [========================================          ] 12/15
2021-10-10 02:39:42.557 INFO [===========================================       ] 13/15
2021-10-10 02:39:42.591 INFO [==============================================    ] 14/15
2021-10-10 02:39:42.598 INFO [==================================================] 15/15
2021-10-10 02:39:42.604 INFO Verify successful. Data in flash matches data in specified hex-file
2021-10-10 02:39:42.605 INFO Action took 0.85s
2021-10-10 02:39:42.649 INFO 
2021-10-10 02:39:42.660 INFO EXIT_CODE: 0
2021-10-10 02:39:44.668 ERROR Debug Serial Port could not be opened
2021-10-10 02:39:44.668 ERROR  So not starting Serial Read!
2021-10-10 02:39:44.668 INFO Serial Port Closed
2021-10-10 02:42:55.612 INFO Chosen Debug Serial port will be available for usage
2021-10-10 02:43:08.623 INFO COMMAND: /usr/local/bin/arduino-cli compile -b megaTinyCore:megaavr:atxy7:chip=1607,clock=5internal,bodvoltage=1v8,bodmode=disabled,eesave=enable,millis=enabled,resetpin=UPDI,startuptime=0,uartvoltage=skip /Users/saurabhdatta/PersonalProjects/clock/Arduino/clock_firmware_production/Tests/components_check -u -p /dev/tty.usbserial-A10KHTR4 -P serialupdi
2021-10-10 02:43:13.800 INFO Sketch uses 7281 bytes (44%) of program storage space. Maximum is 16384 bytes.
2021-10-10 02:43:13.817 INFO Global variables use 253 bytes (24%) of dynamic memory, leaving 771 bytes for local variables. Maximum is 1024 bytes.
2021-10-10 02:43:13.951 INFO SerialUPDI
2021-10-10 02:43:13.971 INFO UPDI programming for Arduino using a serial adapter
2021-10-10 02:43:13.971 INFO Based on pymcuprog, with significant modifications
2021-10-10 02:43:13.980 INFO By Quentin Bolsee and Spence Konde
2021-10-10 02:43:13.985 INFO Version 1.2.0 - June 2021
2021-10-10 02:43:14.001 INFO Using serial port /dev/tty.usbserial-A10KHTR4 at 230400 baud.
2021-10-10 02:43:14.002 INFO Target: attiny1607
2021-10-10 02:43:14.008 INFO Set fuses: ['2:0x02', '6:0x00', '8:0x00']
2021-10-10 02:43:14.020 INFO Action: write
2021-10-10 02:43:14.049 INFO File: /var/folders/yp/37w_03rx1qdbfsqckbyyk9t80000gn/T/arduino-sketch-5380282240B235EA65F31E83BC95B4D4/components_check.ino.hex
2021-10-10 02:43:15.244 INFO Pinging device...
2021-10-10 02:43:16.486 INFO Ping response: 1E9423
2021-10-10 02:43:16.490 INFO Setting fuse 0x2=0x2
2021-10-10 02:43:16.496 INFO Writing literal values...
2021-10-10 02:43:16.648 INFO Verifying literal values...
2021-10-10 02:43:16.674 INFO Action took 0.19s
2021-10-10 02:43:16.678 INFO Setting fuse 0x6=0x0
2021-10-10 02:43:16.685 INFO Writing literal values...
2021-10-10 02:43:16.835 INFO Verifying literal values...
2021-10-10 02:43:16.866 INFO Action took 0.19s
2021-10-10 02:43:16.870 INFO Setting fuse 0x8=0x0
2021-10-10 02:43:16.881 INFO Writing literal values...
2021-10-10 02:43:17.034 INFO Verifying literal values...
2021-10-10 02:43:17.061 INFO Action took 0.19s
2021-10-10 02:43:17.065 INFO Finished writing fuses.
2021-10-10 02:43:17.065 INFO Chip/Bulk erase,
2021-10-10 02:43:17.074 INFO Memory type eeprom is conditionally erased (depending upon EESAVE fuse setting)
2021-10-10 02:43:17.078 INFO Memory type flash is always erased
2021-10-10 02:43:17.088 INFO Memory type lockbits is always erased
2021-10-10 02:43:17.093 INFO ...
2021-10-10 02:43:17.124 INFO Erased.
2021-10-10 02:43:17.129 INFO Action took 0.06s
2021-10-10 02:43:17.140 INFO Writing from hex file...
2021-10-10 02:43:17.155 INFO Writing flash...
2021-10-10 02:43:17.383 INFO [                                                  ]
2021-10-10 02:43:17.520 INFO [=                                                 ] 3/114
2021-10-10 02:43:17.651 INFO [==                                                ] 5/114
2021-10-10 02:43:17.859 INFO [===                                               ] 7/114
2021-10-10 02:43:17.985 INFO [====                                              ] 10/114
2021-10-10 02:43:18.123 INFO [=====                                             ] 12/114
2021-10-10 02:43:18.260 INFO [======                                            ] 14/114
2021-10-10 02:43:18.454 INFO [=======                                           ] 16/114
2021-10-10 02:43:18.590 INFO [========                                          ] 19/114
2021-10-10 02:43:18.729 INFO [=========                                         ] 21/114
2021-10-10 02:43:18.922 INFO [==========                                        ] 23/114
2021-10-10 02:43:19.057 INFO [===========                                       ] 26/114
2021-10-10 02:43:19.191 INFO [============                                      ] 28/114
2021-10-10 02:43:19.330 INFO [=============                                     ] 30/114
2021-10-10 02:43:19.528 INFO [==============                                    ] 32/114
2021-10-10 02:43:19.662 INFO [===============                                   ] 35/114
2021-10-10 02:43:19.801 INFO [================                                  ] 37/114
2021-10-10 02:43:19.996 INFO [=================                                 ] 39/114
2021-10-10 02:43:20.132 INFO [==================                                ] 42/114
2021-10-10 02:43:20.265 INFO [===================                               ] 44/114
2021-10-10 02:43:20.410 INFO [====================                              ] 46/114
2021-10-10 02:43:20.600 INFO [=====================                             ] 48/114
2021-10-10 02:43:20.742 INFO [======================                            ] 51/114
2021-10-10 02:43:20.865 INFO [=======================                           ] 53/114
2021-10-10 02:43:21.002 INFO [========================                          ] 55/114
2021-10-10 02:43:21.203 INFO [=========================                         ] 57/114
2021-10-10 02:43:21.338 INFO [==========================                        ] 60/114
2021-10-10 02:43:21.470 INFO [===========================                       ] 62/114
2021-10-10 02:43:21.671 INFO [============================                      ] 64/114
2021-10-10 02:43:21.803 INFO [=============================                     ] 67/114
2021-10-10 02:43:21.935 INFO [==============================                    ] 69/114
2021-10-10 02:43:22.073 INFO [===============================                   ] 71/114
2021-10-10 02:43:22.275 INFO [================================                  ] 73/114
2021-10-10 02:43:22.410 INFO [=================================                 ] 76/114
2021-10-10 02:43:22.540 INFO [==================================                ] 78/114
2021-10-10 02:43:22.746 INFO [===================================               ] 80/114
2021-10-10 02:43:22.873 INFO [====================================              ] 83/114
2021-10-10 02:43:23.013 INFO [=====================================             ] 85/114
2021-10-10 02:43:23.146 INFO [======================================            ] 87/114
2021-10-10 02:43:23.344 INFO [=======================================           ] 89/114
2021-10-10 02:43:23.475 INFO [========================================          ] 92/114
2021-10-10 02:43:23.608 INFO [=========================================         ] 94/114
2021-10-10 02:43:23.809 INFO [==========================================        ] 96/114
2021-10-10 02:43:23.944 INFO [===========================================       ] 99/114
2021-10-10 02:43:24.080 INFO [============================================      ] 101/114
2021-10-10 02:43:24.211 INFO [=============================================     ] 103/114
2021-10-10 02:43:24.413 INFO [==============================================    ] 105/114
2021-10-10 02:43:24.546 INFO [===============================================   ] 108/114
2021-10-10 02:43:24.686 INFO [================================================  ] 110/114
2021-10-10 02:43:24.833 INFO [================================================= ] 112/114
2021-10-10 02:43:24.846 INFO [==================================================] 114/114
2021-10-10 02:43:24.847 INFO Action took 7.71s
2021-10-10 02:43:24.851 INFO Verifying...
2021-10-10 02:43:24.894 INFO [                                                  ]
2021-10-10 02:43:24.952 INFO [===                                               ] 1/15
2021-10-10 02:43:25.011 INFO [======                                            ] 2/15
2021-10-10 02:43:25.068 INFO [==========                                        ] 3/15
2021-10-10 02:43:25.130 INFO [=============                                     ] 4/15
2021-10-10 02:43:25.189 INFO [================                                  ] 5/15
2021-10-10 02:43:25.246 INFO [====================                              ] 6/15
2021-10-10 02:43:25.301 INFO [=======================                           ] 7/15
2021-10-10 02:43:25.358 INFO [==========================                        ] 8/15
2021-10-10 02:43:25.416 INFO [==============================                    ] 9/15
2021-10-10 02:43:25.475 INFO [=================================                 ] 10/15
2021-10-10 02:43:25.530 INFO [====================================              ] 11/15
2021-10-10 02:43:25.594 INFO [========================================          ] 12/15
2021-10-10 02:43:25.652 INFO [===========================================       ] 13/15
2021-10-10 02:43:25.680 INFO [==============================================    ] 14/15
2021-10-10 02:43:25.706 INFO [==================================================] 15/15
2021-10-10 02:43:25.719 INFO Verify successful. Data in flash matches data in specified hex-file
2021-10-10 02:43:25.729 INFO Action took 0.86s
2021-10-10 02:43:25.737 INFO 
2021-10-10 02:43:25.752 INFO EXIT_CODE: 0
2021-10-10 02:43:27.759 ERROR Debug Port is same as UPDI port
2021-10-10 02:43:27.759 ERROR Change it!
2021-10-10 02:43:27.763 ERROR Debug Serial Port could not be opened
2021-10-10 02:43:27.763 ERROR  So not starting Serial Read!
2021-10-10 02:43:27.763 INFO Serial Port Closed
2021-10-10 02:50:37.796 INFO Chosen Debug Serial port will be available for usage
2021-10-10 02:51:57.065 INFO Chosen Debug Serial port will be available for usage
2021-10-10 02:52:16.572 INFO Chosen Debug Serial port will be available for usage
2021-10-10 02:53:36.433 INFO Chosen Debug Serial port will be available for usage
2021-10-10 02:53:59.449 INFO Chosen Debug Serial port will be available for usage
2021-10-10 02:54:16.538 INFO Chosen Debug Serial port will be available for usage
2021-10-10 02:54:27.170 WARNING Disabled debug serial port opening scope
2021-10-10 02:54:34.370 INFO Chosen Debug Serial port will be available for usage
